{"/media/deraw/Data/development/customers/CNAM/vue-dot/src/index.ts": {"path":"/media/deraw/Data/development/customers/CNAM/vue-dot/src/index.ts","statementMap":{"0":{"start":{"line":1,"column":0},"end":{"line":1,"column":37}},"1":{"start":{"line":2,"column":0},"end":{"line":2,"column":37}},"2":{"start":{"line":3,"column":0},"end":{"line":3,"column":29}},"3":{"start":{"line":8,"column":29},"end":{"line":18,"column":1}},"4":{"start":{"line":10,"column":2},"end":{"line":10,"column":18}},"5":{"start":{"line":11,"column":2},"end":{"line":11,"column":18}},"6":{"start":{"line":12,"column":2},"end":{"line":12,"column":14}},"7":{"start":{"line":14,"column":16},"end":{"line":14,"column":51}},"8":{"start":{"line":16,"column":2},"end":{"line":16,"column":31}},"9":{"start":{"line":22,"column":0},"end":{"line":24,"column":1}},"10":{"start":{"line":26,"column":0},"end":{"line":26,"column":22}}},"fnMap":{"0":{"name":"(anonymous_0)","decl":{"start":{"line":9,"column":8},"end":{"line":9,"column":8}},"loc":{"start":{"line":9,"column":56},"end":{"line":17,"column":2}}}},"branchMap":{"0":{"loc":{"start":{"line":14,"column":26},"end":{"line":14,"column":39}},"type":"cond-expr","locations":[{"start":{"line":14,"column":26},"end":{"line":14,"column":39}},{"start":{"line":14,"column":42},"end":{"line":14,"column":51}}]},"1":{"loc":{"start":{"line":22,"column":0},"end":{"line":24,"column":1}},"type":"if","locations":[{"start":{"line":22,"column":0},"end":{"line":24,"column":1}}]},"2":{"loc":{"start":{"line":22,"column":4},"end":{"line":22,"column":33}},"type":"binary-expr","locations":[{"start":{"line":22,"column":4},"end":{"line":22,"column":33}},{"start":{"line":22,"column":37},"end":{"line":22,"column":47}}]}},"s":{"0":4,"1":4,"2":4,"3":4,"4":4,"5":4,"6":4,"7":4,"8":4,"9":4,"10":4},"f":{"0":4},"b":{"0":[3,1],"1":[4],"2":[4,4]}}
,"/media/deraw/Data/development/customers/CNAM/vue-dot/src/components/DataList.vue": {"path":"/media/deraw/Data/development/customers/CNAM/vue-dot/src/components/DataList.vue","statementMap":{"0":{"start":{"line":42,"column":0},"end":{"line":null,"column":-1}},"1":{"start":{"line":56,"column":0},"end":{"line":null,"column":-1}},"2":{"start":{"line":98,"column":0},"end":{"line":null,"column":-1}}},"fnMap":{"0":{"name":"validator","decl":{"start":{"line":54,"column":0},"end":{"line":null,"column":-1}},"loc":{"start":{"line":54,"column":0},"end":{"line":57,"column":0}}},"1":{"name":"getTitle","decl":{"start":{"line":97,"column":0},"end":{"line":null,"column":-1}},"loc":{"start":{"line":97,"column":0},"end":{"line":99,"column":0}}}},"branchMap":{"0":{"loc":{"start":{"line":56,"column":0},"end":{"line":null,"column":-1}},"type":"binary-expr","locations":[{"start":{"line":56,"column":0},"end":{"line":null,"column":-1}},{"start":{"line":56,"column":0},"end":{"line":null,"column":-1}}]}},"s":{"0":5,"1":1,"2":1},"f":{"0":1,"1":1},"b":{"0":[1,1]}}
,"/media/deraw/Data/development/customers/CNAM/vue-dot/src/components/DatePicker.vue": {"path":"/media/deraw/Data/development/customers/CNAM/vue-dot/src/components/DatePicker.vue","statementMap":{"0":{"start":{"line":184,"column":0},"end":{"line":null,"column":-1}},"1":{"start":{"line":186,"column":0},"end":{"line":null,"column":-1}},"2":{"start":{"line":188,"column":0},"end":{"line":null,"column":-1}},"3":{"start":{"line":236,"column":0},"end":{"line":null,"column":-1}},"4":{"start":{"line":302,"column":0},"end":{"line":null,"column":-1}},"5":{"start":{"line":374,"column":0},"end":{"line":null,"column":-1}},"6":{"start":{"line":394,"column":0},"end":{"line":null,"column":-1}},"7":{"start":{"line":444,"column":0},"end":{"line":null,"column":-1}},"8":{"start":{"line":450,"column":0},"end":{"line":null,"column":-1}},"9":{"start":{"line":656,"column":0},"end":{"line":null,"column":-1}},"10":{"start":{"line":699,"column":0},"end":{"line":null,"column":-1}},"11":{"start":{"line":702,"column":0},"end":{"line":null,"column":-1}},"12":{"start":{"line":706,"column":0},"end":{"line":750,"column":0}},"13":{"start":{"line":707,"column":0},"end":{"line":null,"column":-1}},"14":{"start":{"line":741,"column":0},"end":{"line":null,"column":-1}},"15":{"start":{"line":743,"column":0},"end":{"line":null,"column":-1}},"16":{"start":{"line":745,"column":0},"end":{"line":747,"column":0}},"17":{"start":{"line":746,"column":0},"end":{"line":null,"column":-1}},"18":{"start":{"line":749,"column":0},"end":{"line":null,"column":-1}},"19":{"start":{"line":754,"column":0},"end":{"line":null,"column":-1}},"20":{"start":{"line":755,"column":0},"end":{"line":757,"column":0}},"21":{"start":{"line":756,"column":0},"end":{"line":null,"column":-1}},"22":{"start":{"line":760,"column":0},"end":{"line":null,"column":-1}},"23":{"start":{"line":763,"column":0},"end":{"line":null,"column":-1}},"24":{"start":{"line":766,"column":0},"end":{"line":null,"column":-1}},"25":{"start":{"line":770,"column":0},"end":{"line":null,"column":-1}},"26":{"start":{"line":773,"column":0},"end":{"line":null,"column":-1}},"27":{"start":{"line":783,"column":0},"end":{"line":785,"column":0}},"28":{"start":{"line":784,"column":0},"end":{"line":null,"column":-1}},"29":{"start":{"line":787,"column":0},"end":{"line":null,"column":-1}},"30":{"start":{"line":792,"column":0},"end":{"line":794,"column":0}},"31":{"start":{"line":793,"column":0},"end":{"line":null,"column":-1}},"32":{"start":{"line":796,"column":0},"end":{"line":null,"column":-1}},"33":{"start":{"line":800,"column":0},"end":{"line":802,"column":0}},"34":{"start":{"line":801,"column":0},"end":{"line":null,"column":-1}},"35":{"start":{"line":805,"column":0},"end":{"line":807,"column":0}},"36":{"start":{"line":806,"column":0},"end":{"line":null,"column":-1}},"37":{"start":{"line":809,"column":0},"end":{"line":null,"column":-1}},"38":{"start":{"line":810,"column":0},"end":{"line":null,"column":-1}},"39":{"start":{"line":813,"column":0},"end":{"line":null,"column":-1}},"40":{"start":{"line":815,"column":0},"end":{"line":null,"column":-1}}},"fnMap":{"0":{"name":"_default","decl":{"start":{"line":235,"column":0},"end":{"line":null,"column":-1}},"loc":{"start":{"line":235,"column":0},"end":{"line":237,"column":0}}},"1":{"name":"_default","decl":{"start":{"line":302,"column":0},"end":{"line":null,"column":-1}},"loc":{"start":{"line":302,"column":0},"end":{"line":null,"column":-1}}},"2":{"name":"_default","decl":{"start":{"line":374,"column":0},"end":{"line":null,"column":-1}},"loc":{"start":{"line":374,"column":0},"end":{"line":null,"column":-1}}},"3":{"name":"_default","decl":{"start":{"line":394,"column":0},"end":{"line":null,"column":-1}},"loc":{"start":{"line":394,"column":0},"end":{"line":null,"column":-1}}},"4":{"name":"_default","decl":{"start":{"line":443,"column":0},"end":{"line":null,"column":-1}},"loc":{"start":{"line":443,"column":0},"end":{"line":445,"column":0}}},"5":{"name":"_default","decl":{"start":{"line":449,"column":0},"end":{"line":null,"column":-1}},"loc":{"start":{"line":449,"column":0},"end":{"line":451,"column":0}}},"6":{"name":"data","decl":{"start":{"line":655,"column":0},"end":{"line":null,"column":-1}},"loc":{"start":{"line":655,"column":0},"end":{"line":695,"column":0}}},"7":{"name":"get","decl":{"start":{"line":698,"column":0},"end":{"line":null,"column":-1}},"loc":{"start":{"line":698,"column":0},"end":{"line":700,"column":0}}},"8":{"name":"set","decl":{"start":{"line":701,"column":0},"end":{"line":null,"column":-1}},"loc":{"start":{"line":701,"column":0},"end":{"line":703,"column":0}}},"9":{"name":"maskValue","decl":{"start":{"line":705,"column":0},"end":{"line":null,"column":-1}},"loc":{"start":{"line":705,"column":0},"end":{"line":751,"column":0}}},"10":{"name":"(anonymous_11)","decl":{"start":{"line":741,"column":0},"end":{"line":null,"column":-1}},"loc":{"start":{"line":741,"column":0},"end":{"line":null,"column":-1}}},"11":{"name":"(anonymous_12)","decl":{"start":{"line":745,"column":0},"end":{"line":null,"column":-1}},"loc":{"start":{"line":745,"column":0},"end":{"line":747,"column":0}}},"12":{"name":"menu","decl":{"start":{"line":754,"column":0},"end":{"line":null,"column":-1}},"loc":{"start":{"line":754,"column":0},"end":{"line":758,"column":0}}},"13":{"name":"(anonymous_14)","decl":{"start":{"line":756,"column":0},"end":{"line":null,"column":-1}},"loc":{"start":{"line":756,"column":0},"end":{"line":null,"column":-1}}},"14":{"name":"date","decl":{"start":{"line":759,"column":0},"end":{"line":null,"column":-1}},"loc":{"start":{"line":759,"column":0},"end":{"line":761,"column":0}}},"15":{"name":"computedDateFormatted","decl":{"start":{"line":762,"column":0},"end":{"line":null,"column":-1}},"loc":{"start":{"line":762,"column":0},"end":{"line":764,"column":0}}},"16":{"name":"locale","decl":{"start":{"line":765,"column":0},"end":{"line":null,"column":-1}},"loc":{"start":{"line":765,"column":0},"end":{"line":767,"column":0}}},"17":{"name":"created","decl":{"start":{"line":769,"column":0},"end":{"line":null,"column":-1}},"loc":{"start":{"line":769,"column":0},"end":{"line":774,"column":0}}},"18":{"name":"save","decl":{"start":{"line":777,"column":0},"end":{"line":null,"column":-1}},"loc":{"start":{"line":777,"column":0},"end":{"line":780,"column":0}}},"19":{"name":"formatDate","decl":{"start":{"line":782,"column":0},"end":{"line":null,"column":-1}},"loc":{"start":{"line":782,"column":0},"end":{"line":788,"column":0}}},"20":{"name":"formatDateForReturn","decl":{"start":{"line":791,"column":0},"end":{"line":null,"column":-1}},"loc":{"start":{"line":791,"column":0},"end":{"line":797,"column":0}}},"21":{"name":"parseDate","decl":{"start":{"line":799,"column":0},"end":{"line":null,"column":-1}},"loc":{"start":{"line":799,"column":0},"end":{"line":811,"column":0}}},"22":{"name":"checkIfLocaleNeeded","decl":{"start":{"line":812,"column":0},"end":{"line":null,"column":-1}},"loc":{"start":{"line":812,"column":0},"end":{"line":814,"column":0}}},"23":{"name":"loadLocale","decl":{"start":{"line":815,"column":0},"end":{"line":null,"column":-1}},"loc":{"start":{"line":815,"column":0},"end":{"line":850,"column":0}}}},"branchMap":{"0":{"loc":{"start":{"line":444,"column":0},"end":{"line":null,"column":-1}},"type":"cond-expr","locations":[{"start":{"line":444,"column":0},"end":{"line":null,"column":-1}},{"start":{"line":444,"column":0},"end":{"line":null,"column":-1}}]},"1":{"loc":{"start":{"line":450,"column":0},"end":{"line":null,"column":-1}},"type":"cond-expr","locations":[{"start":{"line":450,"column":0},"end":{"line":null,"column":-1}},{"start":{"line":450,"column":0},"end":{"line":null,"column":-1}}]},"2":{"loc":{"start":{"line":659,"column":0},"end":{"line":null,"column":-1}},"type":"binary-expr","locations":[{"start":{"line":659,"column":0},"end":{"line":null,"column":-1}},{"start":{"line":659,"column":0},"end":{"line":null,"column":-1}}]},"3":{"loc":{"start":{"line":706,"column":0},"end":{"line":750,"column":0}},"type":"if","locations":[{"start":{"line":706,"column":0},"end":{"line":750,"column":0}},{"start":{"line":706,"column":0},"end":{"line":750,"column":0}}]},"4":{"loc":{"start":{"line":741,"column":0},"end":{"line":null,"column":-1}},"type":"binary-expr","locations":[{"start":{"line":741,"column":0},"end":{"line":null,"column":-1}},{"start":{"line":741,"column":0},"end":{"line":null,"column":-1}}]},"5":{"loc":{"start":{"line":755,"column":0},"end":{"line":757,"column":0}},"type":"if","locations":[{"start":{"line":755,"column":0},"end":{"line":757,"column":0}},{"start":{"line":755,"column":0},"end":{"line":757,"column":0}}]},"6":{"loc":{"start":{"line":755,"column":0},"end":{"line":null,"column":-1}},"type":"binary-expr","locations":[{"start":{"line":755,"column":0},"end":{"line":null,"column":-1}},{"start":{"line":755,"column":0},"end":{"line":null,"column":-1}}]},"7":{"loc":{"start":{"line":783,"column":0},"end":{"line":785,"column":0}},"type":"if","locations":[{"start":{"line":783,"column":0},"end":{"line":785,"column":0}},{"start":{"line":783,"column":0},"end":{"line":785,"column":0}}]},"8":{"loc":{"start":{"line":792,"column":0},"end":{"line":794,"column":0}},"type":"if","locations":[{"start":{"line":792,"column":0},"end":{"line":794,"column":0}},{"start":{"line":792,"column":0},"end":{"line":794,"column":0}}]},"9":{"loc":{"start":{"line":800,"column":0},"end":{"line":802,"column":0}},"type":"if","locations":[{"start":{"line":800,"column":0},"end":{"line":802,"column":0}},{"start":{"line":800,"column":0},"end":{"line":802,"column":0}}]},"10":{"loc":{"start":{"line":805,"column":0},"end":{"line":807,"column":0}},"type":"if","locations":[{"start":{"line":805,"column":0},"end":{"line":807,"column":0}},{"start":{"line":805,"column":0},"end":{"line":807,"column":0}}]}},"s":{"0":4,"1":4,"2":4,"3":9,"4":9,"5":9,"6":9,"7":11,"8":11,"9":9,"10":15,"11":7,"12":10,"13":9,"14":1098,"15":9,"16":9,"17":27,"18":1,"19":3,"20":3,"21":2,"22":6,"23":4,"24":1,"25":9,"26":9,"27":21,"28":13,"29":8,"30":21,"31":17,"32":4,"33":3,"34":1,"35":2,"36":1,"37":4,"38":1,"39":10,"40":10},"f":{"0":9,"1":9,"2":9,"3":9,"4":11,"5":11,"6":9,"7":15,"8":7,"9":10,"10":1089,"11":27,"12":3,"13":1,"14":6,"15":4,"16":1,"17":9,"18":1,"19":21,"20":21,"21":3,"22":10,"23":10},"b":{"0":[1,10],"1":[1,10],"2":[9,9],"3":[9,1],"4":[1089,621],"5":[1,2],"6":[3,2],"7":[13,8],"8":[17,4],"9":[1,2],"10":[1,1]}}
,"/media/deraw/Data/development/customers/CNAM/vue-dot/src/components/LangBtn.vue": {"path":"/media/deraw/Data/development/customers/CNAM/vue-dot/src/components/LangBtn.vue","statementMap":{"0":{"start":{"line":137,"column":0},"end":{"line":null,"column":-1}},"1":{"start":{"line":139,"column":0},"end":{"line":null,"column":-1}},"2":{"start":{"line":435,"column":0},"end":{"line":null,"column":-1}},"3":{"start":{"line":441,"column":0},"end":{"line":null,"column":-1}},"4":{"start":{"line":442,"column":0},"end":{"line":null,"column":-1}},"5":{"start":{"line":444,"column":0},"end":{"line":450,"column":0}},"6":{"start":{"line":445,"column":0},"end":{"line":447,"column":0}},"7":{"start":{"line":446,"column":0},"end":{"line":null,"column":-1}},"8":{"start":{"line":449,"column":0},"end":{"line":null,"column":-1}},"9":{"start":{"line":452,"column":0},"end":{"line":null,"column":-1}},"10":{"start":{"line":456,"column":0},"end":{"line":null,"column":-1}},"11":{"start":{"line":460,"column":0},"end":{"line":null,"column":-1}},"12":{"start":{"line":461,"column":0},"end":{"line":null,"column":-1}},"13":{"start":{"line":464,"column":0},"end":{"line":null,"column":-1}},"14":{"start":{"line":466,"column":0},"end":{"line":469,"column":0}},"15":{"start":{"line":467,"column":0},"end":{"line":null,"column":-1}},"16":{"start":{"line":468,"column":0},"end":{"line":null,"column":-1}},"17":{"start":{"line":471,"column":0},"end":{"line":null,"column":-1}}},"fnMap":{"0":{"name":"data","decl":{"start":{"line":434,"column":0},"end":{"line":null,"column":-1}},"loc":{"start":{"line":434,"column":0},"end":{"line":439,"column":0}}},"1":{"name":"languages","decl":{"start":{"line":441,"column":0},"end":{"line":null,"column":-1}},"loc":{"start":{"line":441,"column":0},"end":{"line":453,"column":0}}},"2":{"name":"(anonymous_3)","decl":{"start":{"line":445,"column":0},"end":{"line":null,"column":-1}},"loc":{"start":{"line":445,"column":0},"end":{"line":447,"column":0}}},"3":{"name":"mounted","decl":{"start":{"line":455,"column":0},"end":{"line":null,"column":-1}},"loc":{"start":{"line":455,"column":0},"end":{"line":457,"column":0}}},"4":{"name":"changeLang","decl":{"start":{"line":459,"column":0},"end":{"line":null,"column":-1}},"loc":{"start":{"line":459,"column":0},"end":{"line":462,"column":0}}},"5":{"name":"getLanguagesWithData","decl":{"start":{"line":463,"column":0},"end":{"line":null,"column":-1}},"loc":{"start":{"line":463,"column":0},"end":{"line":472,"column":0}}},"6":{"name":"(anonymous_7)","decl":{"start":{"line":466,"column":0},"end":{"line":null,"column":-1}},"loc":{"start":{"line":466,"column":0},"end":{"line":469,"column":0}}}},"branchMap":{"0":{"loc":{"start":{"line":437,"column":0},"end":{"line":null,"column":-1}},"type":"binary-expr","locations":[{"start":{"line":437,"column":0},"end":{"line":null,"column":-1}},{"start":{"line":437,"column":0},"end":{"line":null,"column":-1}}]},"1":{"loc":{"start":{"line":444,"column":0},"end":{"line":450,"column":0}},"type":"if","locations":[{"start":{"line":444,"column":0},"end":{"line":450,"column":0}},{"start":{"line":444,"column":0},"end":{"line":450,"column":0}}]}},"s":{"0":4,"1":4,"2":3,"3":4,"4":4,"5":4,"6":1,"7":2,"8":3,"9":4,"10":3,"11":1,"12":1,"13":3,"14":3,"15":549,"16":549,"17":3},"f":{"0":3,"1":4,"2":2,"3":3,"4":1,"5":3,"6":549},"b":{"0":[3,3],"1":[1,3]}}
,"/media/deraw/Data/development/customers/CNAM/vue-dot/src/components/SvgIcon.vue": {"path":"/media/deraw/Data/development/customers/CNAM/vue-dot/src/components/SvgIcon.vue","statementMap":{"0":{"start":{"line":1293,"column":0},"end":{"line":null,"column":-1}},"1":{"start":{"line":1295,"column":0},"end":{"line":null,"column":-1}},"2":{"start":{"line":1335,"column":0},"end":{"line":null,"column":-1}},"3":{"start":{"line":1337,"column":0},"end":{"line":1343,"column":0}},"4":{"start":{"line":1338,"column":0},"end":{"line":1340,"column":0}},"5":{"start":{"line":1339,"column":0},"end":{"line":null,"column":-1}},"6":{"start":{"line":1342,"column":0},"end":{"line":null,"column":-1}},"7":{"start":{"line":1345,"column":0},"end":{"line":null,"column":-1}}},"fnMap":{"0":{"name":"themeIcons","decl":{"start":{"line":1335,"column":0},"end":{"line":null,"column":-1}},"loc":{"start":{"line":1335,"column":0},"end":{"line":1346,"column":0}}},"1":{"name":"(anonymous_2)","decl":{"start":{"line":1338,"column":0},"end":{"line":null,"column":-1}},"loc":{"start":{"line":1338,"column":0},"end":{"line":1340,"column":0}}}},"branchMap":{"0":{"loc":{"start":{"line":1337,"column":0},"end":{"line":1343,"column":0}},"type":"if","locations":[{"start":{"line":1337,"column":0},"end":{"line":1343,"column":0}},{"start":{"line":1337,"column":0},"end":{"line":1343,"column":0}}]},"1":{"loc":{"start":{"line":1337,"column":0},"end":{"line":null,"column":-1}},"type":"binary-expr","locations":[{"start":{"line":1337,"column":0},"end":{"line":null,"column":-1}},{"start":{"line":1337,"column":0},"end":{"line":null,"column":-1}},{"start":{"line":1337,"column":0},"end":{"line":null,"column":-1}}]},"2":{"loc":{"start":{"line":1339,"column":0},"end":{"line":null,"column":-1}},"type":"binary-expr","locations":[{"start":{"line":1339,"column":0},"end":{"line":null,"column":-1}},{"start":{"line":1339,"column":0},"end":{"line":null,"column":-1}}]}},"s":{"0":4,"1":4,"2":17,"3":17,"4":16,"5":16,"6":16,"7":1},"f":{"0":17,"1":16},"b":{"0":[16,1],"1":[17,16,16],"2":[16,1]}}
,"/media/deraw/Data/development/customers/CNAM/vue-dot/src/components/index.ts": {"path":"/media/deraw/Data/development/customers/CNAM/vue-dot/src/components/index.ts","statementMap":{"0":{"start":{"line":1,"column":0},"end":{"line":1,"column":41}},"1":{"start":{"line":2,"column":0},"end":{"line":2,"column":35}},"2":{"start":{"line":3,"column":0},"end":{"line":3,"column":35}},"3":{"start":{"line":4,"column":0},"end":{"line":4,"column":37}},"4":{"start":{"line":12,"column":31},"end":{"line":17,"column":1}},"5":{"start":{"line":19,"column":0},"end":{"line":23,"column":2}},"6":{"start":{"line":20,"column":1},"end":{"line":22,"column":4}},"7":{"start":{"line":21,"column":2},"end":{"line":21,"column":40}}},"fnMap":{"0":{"name":"(anonymous_0)","decl":{"start":{"line":19,"column":15},"end":{"line":19,"column":15}},"loc":{"start":{"line":19,"column":35},"end":{"line":23,"column":1}}},"1":{"name":"(anonymous_1)","decl":{"start":{"line":20,"column":33},"end":{"line":20,"column":33}},"loc":{"start":{"line":20,"column":46},"end":{"line":22,"column":2}}}},"branchMap":{},"s":{"0":4,"1":4,"2":4,"3":4,"4":4,"5":4,"6":4,"7":16},"f":{"0":4,"1":16},"b":{}}
,"/media/deraw/Data/development/customers/CNAM/vue-dot/src/directives/debounce.ts": {"path":"/media/deraw/Data/development/customers/CNAM/vue-dot/src/directives/debounce.ts","statementMap":{"0":{"start":{"line":1,"column":0},"end":{"line":1,"column":45}},"1":{"start":{"line":3,"column":17},"end":{"line":27,"column":1}},"2":{"start":{"line":5,"column":2},"end":{"line":11,"column":3}},"3":{"start":{"line":6,"column":17},"end":{"line":6,"column":42}},"4":{"start":{"line":8,"column":3},"end":{"line":10,"column":4}},"5":{"start":{"line":9,"column":4},"end":{"line":9,"column":15}},"6":{"start":{"line":13,"column":20},"end":{"line":13,"column":50}},"7":{"start":{"line":14,"column":24},"end":{"line":14,"column":75}},"8":{"start":{"line":16,"column":2},"end":{"line":25,"column":3}},"9":{"start":{"line":29,"column":0},"end":{"line":29,"column":24}}},"fnMap":{"0":{"name":"(anonymous_0)","decl":{"start":{"line":4,"column":9},"end":{"line":4,"column":9}},"loc":{"start":{"line":4,"column":44},"end":{"line":26,"column":2}}}},"branchMap":{"0":{"loc":{"start":{"line":5,"column":2},"end":{"line":11,"column":3}},"type":"if","locations":[{"start":{"line":5,"column":2},"end":{"line":11,"column":3}},{"start":{"line":5,"column":2},"end":{"line":11,"column":3}}]},"1":{"loc":{"start":{"line":8,"column":3},"end":{"line":10,"column":4}},"type":"if","locations":[{"start":{"line":8,"column":3},"end":{"line":10,"column":4}},{"start":{"line":8,"column":3},"end":{"line":10,"column":4}}]},"2":{"loc":{"start":{"line":14,"column":47},"end":{"line":14,"column":59}},"type":"cond-expr","locations":[{"start":{"line":14,"column":47},"end":{"line":14,"column":59}},{"start":{"line":14,"column":62},"end":{"line":14,"column":75}}]},"3":{"loc":{"start":{"line":16,"column":2},"end":{"line":25,"column":3}},"type":"if","locations":[{"start":{"line":16,"column":2},"end":{"line":25,"column":3}},{"start":{"line":16,"column":2},"end":{"line":25,"column":3}}]}},"s":{"0":5,"1":5,"2":3,"3":2,"4":2,"5":1,"6":3,"7":3,"8":3,"9":5},"f":{"0":3},"b":{"0":[2,1],"1":[1,1],"2":[1,2],"3":[1,2]}}
,"/media/deraw/Data/development/customers/CNAM/vue-dot/src/directives/index.ts": {"path":"/media/deraw/Data/development/customers/CNAM/vue-dot/src/directives/index.ts","statementMap":{"0":{"start":{"line":1,"column":0},"end":{"line":1,"column":33}},"1":{"start":{"line":5,"column":24},"end":{"line":7,"column":1}},"2":{"start":{"line":9,"column":0},"end":{"line":13,"column":2}},"3":{"start":{"line":10,"column":1},"end":{"line":12,"column":4}},"4":{"start":{"line":11,"column":2},"end":{"line":11,"column":40}}},"fnMap":{"0":{"name":"(anonymous_0)","decl":{"start":{"line":9,"column":15},"end":{"line":9,"column":15}},"loc":{"start":{"line":9,"column":35},"end":{"line":13,"column":1}}},"1":{"name":"(anonymous_1)","decl":{"start":{"line":10,"column":33},"end":{"line":10,"column":33}},"loc":{"start":{"line":10,"column":46},"end":{"line":12,"column":2}}}},"branchMap":{},"s":{"0":4,"1":4,"2":4,"3":4,"4":4},"f":{"0":4,"1":4},"b":{}}
,"/media/deraw/Data/development/customers/CNAM/vue-dot/src/functions/debounce.ts": {"path":"/media/deraw/Data/development/customers/CNAM/vue-dot/src/functions/debounce.ts","statementMap":{"0":{"start":{"line":3,"column":1},"end":{"line":11,"column":3}},"1":{"start":{"line":4,"column":2},"end":{"line":4,"column":25}},"2":{"start":{"line":6,"column":2},"end":{"line":10,"column":11}},"3":{"start":{"line":7,"column":3},"end":{"line":7,"column":19}},"4":{"start":{"line":9,"column":3},"end":{"line":9,"column":23}},"5":{"start":{"line":1,"column":0},"end":{"line":12,"column":1}}},"fnMap":{"0":{"name":"debounce","decl":{"start":{"line":1,"column":24},"end":{"line":1,"column":32}},"loc":{"start":{"line":1,"column":76},"end":{"line":12,"column":1}}},"1":{"name":"(anonymous_1)","decl":{"start":{"line":3,"column":8},"end":{"line":null,"column":-1}},"loc":{"start":{"line":3,"column":8},"end":{"line":11,"column":2}}},"2":{"name":"(anonymous_2)","decl":{"start":{"line":6,"column":24},"end":{"line":null,"column":-1}},"loc":{"start":{"line":6,"column":24},"end":{"line":10,"column":3}}}},"branchMap":{},"s":{"0":2,"1":100,"2":100,"3":1,"4":1,"5":6},"f":{"0":2,"1":100,"2":1},"b":{}}
,"/media/deraw/Data/development/customers/CNAM/vue-dot/src/functions/isSvg.ts": {"path":"/media/deraw/Data/development/customers/CNAM/vue-dot/src/functions/isSvg.ts","statementMap":{"0":{"start":{"line":1,"column":25},"end":{"line":1,"column":45}},"1":{"start":{"line":19,"column":14},"end":{"line":19,"column":131}},"2":{"start":{"line":22,"column":1},"end":{"line":23,"column":81}},"3":{"start":{"line":26,"column":0},"end":{"line":26,"column":21}}},"fnMap":{"0":{"name":"isSvg","decl":{"start":{"line":21,"column":9},"end":{"line":21,"column":14}},"loc":{"start":{"line":21,"column":25},"end":{"line":24,"column":1}}}},"branchMap":{"0":{"loc":{"start":{"line":22,"column":8},"end":{"line":22,"column":22}},"type":"binary-expr","locations":[{"start":{"line":22,"column":8},"end":{"line":22,"column":22}},{"start":{"line":23,"column":2},"end":{"line":23,"column":18}},{"start":{"line":23,"column":22},"end":{"line":23,"column":80}}]}},"s":{"0":4,"1":4,"2":1,"3":4},"f":{"0":1},"b":{"0":[1,1,1]}}
,"/media/deraw/Data/development/customers/CNAM/vue-dot/src/mixins/index.ts": {"path":"/media/deraw/Data/development/customers/CNAM/vue-dot/src/mixins/index.ts","statementMap":{"0":{"start":{"line":1,"column":0},"end":{"line":1,"column":29}},"1":{"start":{"line":2,"column":0},"end":{"line":2,"column":27}},"2":{"start":{"line":6,"column":20},"end":{"line":9,"column":1}},"3":{"start":{"line":11,"column":0},"end":{"line":15,"column":2}},"4":{"start":{"line":12,"column":1},"end":{"line":14,"column":4}},"5":{"start":{"line":13,"column":2},"end":{"line":13,"column":26}}},"fnMap":{"0":{"name":"(anonymous_0)","decl":{"start":{"line":11,"column":15},"end":{"line":11,"column":15}},"loc":{"start":{"line":11,"column":35},"end":{"line":15,"column":1}}},"1":{"name":"(anonymous_1)","decl":{"start":{"line":12,"column":29},"end":{"line":12,"column":29}},"loc":{"start":{"line":12,"column":42},"end":{"line":14,"column":2}}}},"branchMap":{},"s":{"0":4,"1":4,"2":4,"3":4,"4":4,"5":8},"f":{"0":4,"1":8},"b":{}}
,"/media/deraw/Data/development/customers/CNAM/vue-dot/src/mixins/styles.ts": {"path":"/media/deraw/Data/development/customers/CNAM/vue-dot/src/mixins/styles.ts","statementMap":{"0":{"start":{"line":3,"column":20},"end":{"line":30,"column":1}},"1":{"start":{"line":32,"column":18},"end":{"line":61,"column":1}},"2":{"start":{"line":33,"column":13},"end":{"line":33,"column":15}},"3":{"start":{"line":36,"column":1},"end":{"line":58,"column":4}},"4":{"start":{"line":37,"column":18},"end":{"line":37,"column":52}},"5":{"start":{"line":60,"column":1},"end":{"line":60,"column":14}},"6":{"start":{"line":63,"column":15},"end":{"line":71,"column":1}},"7":{"start":{"line":73,"column":15},"end":{"line":91,"column":1}},"8":{"start":{"line":93,"column":0},"end":{"line":93,"column":22}}},"fnMap":{"0":{"name":"(anonymous_0)","decl":{"start":{"line":32,"column":18},"end":{"line":32,"column":18}},"loc":{"start":{"line":32,"column":47},"end":{"line":61,"column":1}}},"1":{"name":"(anonymous_1)","decl":{"start":{"line":36,"column":23},"end":{"line":36,"column":23}},"loc":{"start":{"line":36,"column":39},"end":{"line":58,"column":2}}},"2":{"name":"(anonymous_2)","decl":{"start":{"line":63,"column":15},"end":{"line":63,"column":15}},"loc":{"start":{"line":63,"column":49},"end":{"line":71,"column":1}}},"3":{"name":"(anonymous_3)","decl":{"start":{"line":74,"column":8},"end":{"line":null,"column":-1}},"loc":{"start":{"line":74,"column":8},"end":{"line":90,"column":2}}}},"branchMap":{},"s":{"0":4,"1":4,"2":6,"3":6,"4":6,"5":6,"6":4,"7":4,"8":4},"f":{"0":6,"1":6,"2":6,"3":1211},"b":{}}
,"/media/deraw/Data/development/customers/CNAM/vue-dot/src/mixins/theme.ts": {"path":"/media/deraw/Data/development/customers/CNAM/vue-dot/src/mixins/theme.ts","statementMap":{"0":{"start":{"line":3,"column":14},"end":{"line":9,"column":1}},"1":{"start":{"line":5,"column":2},"end":{"line":7,"column":3}},"2":{"start":{"line":6,"column":3},"end":{"line":6,"column":51}},"3":{"start":{"line":11,"column":0},"end":{"line":11,"column":21}}},"fnMap":{"0":{"name":"(anonymous_0)","decl":{"start":{"line":4,"column":8},"end":{"line":null,"column":-1}},"loc":{"start":{"line":4,"column":8},"end":{"line":8,"column":2}}}},"branchMap":{"0":{"loc":{"start":{"line":5,"column":2},"end":{"line":7,"column":3}},"type":"if","locations":[{"start":{"line":5,"column":2},"end":{"line":7,"column":3}},{"start":{"line":5,"column":2},"end":{"line":7,"column":3}}]},"1":{"loc":{"start":{"line":5,"column":6},"end":{"line":5,"column":17}},"type":"binary-expr","locations":[{"start":{"line":5,"column":6},"end":{"line":5,"column":17}},{"start":{"line":5,"column":21},"end":{"line":5,"column":46}}]}},"s":{"0":4,"1":1211,"2":1209,"3":4},"f":{"0":1211},"b":{"0":[1209,2],"1":[1211,1209]}}
}
