TN:
SF:/media/deraw/Data/development/customers/CNAM/vue-dot/src/index.ts
FN:9,(anonymous_0)
FNF:1
FNH:1
FNDA:4,(anonymous_0)
DA:1,4
DA:2,4
DA:3,4
DA:8,4
DA:10,4
DA:11,4
DA:12,4
DA:14,4
DA:16,4
DA:22,4
DA:26,4
LF:11
LH:11
BRDA:14,0,0,3
BRDA:14,0,1,1
BRDA:22,1,0,4
BRDA:22,2,0,4
BRDA:22,2,1,4
BRF:5
BRH:5
end_of_record
TN:
SF:/media/deraw/Data/development/customers/CNAM/vue-dot/src/components/DataList.vue
FN:54,validator
FN:97,getTitle
FNF:2
FNH:2
FNDA:1,validator
FNDA:1,getTitle
DA:42,5
DA:56,1
DA:98,1
LF:3
LH:3
BRDA:56,0,0,1
BRDA:56,0,1,1
BRF:2
BRH:2
end_of_record
TN:
SF:/media/deraw/Data/development/customers/CNAM/vue-dot/src/components/DatePicker.vue
FN:235,_default
FN:302,_default
FN:374,_default
FN:394,_default
FN:443,_default
FN:449,_default
FN:655,data
FN:698,get
FN:701,set
FN:705,maskValue
FN:741,(anonymous_11)
FN:745,(anonymous_12)
FN:754,menu
FN:756,(anonymous_14)
FN:759,date
FN:762,computedDateFormatted
FN:765,locale
FN:769,created
FN:777,save
FN:782,formatDate
FN:791,formatDateForReturn
FN:799,parseDate
FN:812,checkIfLocaleNeeded
FN:815,loadLocale
FNF:24
FNH:24
FNDA:9,_default
FNDA:9,_default
FNDA:9,_default
FNDA:9,_default
FNDA:11,_default
FNDA:11,_default
FNDA:9,data
FNDA:15,get
FNDA:7,set
FNDA:10,maskValue
FNDA:1089,(anonymous_11)
FNDA:27,(anonymous_12)
FNDA:3,menu
FNDA:1,(anonymous_14)
FNDA:6,date
FNDA:4,computedDateFormatted
FNDA:1,locale
FNDA:9,created
FNDA:1,save
FNDA:21,formatDate
FNDA:21,formatDateForReturn
FNDA:3,parseDate
FNDA:10,checkIfLocaleNeeded
FNDA:10,loadLocale
DA:184,4
DA:186,4
DA:188,4
DA:236,9
DA:302,9
DA:374,9
DA:394,9
DA:444,11
DA:450,11
DA:656,9
DA:699,15
DA:702,7
DA:706,10
DA:707,9
DA:741,1098
DA:743,9
DA:745,9
DA:746,27
DA:749,1
DA:754,3
DA:755,3
DA:756,2
DA:760,6
DA:763,4
DA:766,1
DA:770,9
DA:773,9
DA:783,21
DA:784,13
DA:787,8
DA:792,21
DA:793,17
DA:796,4
DA:800,3
DA:801,1
DA:805,2
DA:806,1
DA:809,4
DA:810,1
DA:813,10
DA:815,10
LF:41
LH:41
BRDA:444,0,0,1
BRDA:444,0,1,10
BRDA:450,1,0,1
BRDA:450,1,1,10
BRDA:659,2,0,9
BRDA:659,2,1,9
BRDA:706,3,0,9
BRDA:706,3,1,1
BRDA:741,4,0,1089
BRDA:741,4,1,621
BRDA:755,5,0,1
BRDA:755,5,1,2
BRDA:755,6,0,3
BRDA:755,6,1,2
BRDA:783,7,0,13
BRDA:783,7,1,8
BRDA:792,8,0,17
BRDA:792,8,1,4
BRDA:800,9,0,1
BRDA:800,9,1,2
BRDA:805,10,0,1
BRDA:805,10,1,1
BRF:22
BRH:22
end_of_record
TN:
SF:/media/deraw/Data/development/customers/CNAM/vue-dot/src/components/LangBtn.vue
FN:434,data
FN:441,languages
FN:445,(anonymous_3)
FN:455,mounted
FN:459,changeLang
FN:463,getLanguagesWithData
FN:466,(anonymous_7)
FNF:7
FNH:7
FNDA:3,data
FNDA:4,languages
FNDA:2,(anonymous_3)
FNDA:3,mounted
FNDA:1,changeLang
FNDA:3,getLanguagesWithData
FNDA:549,(anonymous_7)
DA:137,4
DA:139,4
DA:435,3
DA:441,4
DA:442,4
DA:444,4
DA:445,1
DA:446,2
DA:449,3
DA:452,4
DA:456,3
DA:460,1
DA:461,1
DA:464,3
DA:466,3
DA:467,549
DA:468,549
DA:471,3
LF:18
LH:18
BRDA:437,0,0,3
BRDA:437,0,1,3
BRDA:444,1,0,1
BRDA:444,1,1,3
BRF:4
BRH:4
end_of_record
TN:
SF:/media/deraw/Data/development/customers/CNAM/vue-dot/src/components/SvgIcon.vue
FN:1335,themeIcons
FN:1338,(anonymous_2)
FNF:2
FNH:2
FNDA:17,themeIcons
FNDA:16,(anonymous_2)
DA:1293,4
DA:1295,4
DA:1335,17
DA:1337,17
DA:1338,16
DA:1339,16
DA:1342,16
DA:1345,1
LF:8
LH:8
BRDA:1337,0,0,16
BRDA:1337,0,1,1
BRDA:1337,1,0,17
BRDA:1337,1,1,16
BRDA:1337,1,2,16
BRDA:1339,2,0,16
BRDA:1339,2,1,1
BRF:7
BRH:7
end_of_record
TN:
SF:/media/deraw/Data/development/customers/CNAM/vue-dot/src/components/index.ts
FN:19,(anonymous_0)
FN:20,(anonymous_1)
FNF:2
FNH:2
FNDA:4,(anonymous_0)
FNDA:16,(anonymous_1)
DA:1,4
DA:2,4
DA:3,4
DA:4,4
DA:12,4
DA:19,4
DA:20,4
DA:21,16
LF:8
LH:8
BRF:0
BRH:0
end_of_record
TN:
SF:/media/deraw/Data/development/customers/CNAM/vue-dot/src/directives/debounce.ts
FN:4,(anonymous_0)
FNF:1
FNH:1
FNDA:3,(anonymous_0)
DA:1,5
DA:3,5
DA:5,3
DA:6,2
DA:8,2
DA:9,1
DA:13,3
DA:14,3
DA:16,3
DA:29,5
LF:10
LH:10
BRDA:5,0,0,2
BRDA:5,0,1,1
BRDA:8,1,0,1
BRDA:8,1,1,1
BRDA:14,2,0,1
BRDA:14,2,1,2
BRDA:16,3,0,1
BRDA:16,3,1,2
BRF:8
BRH:8
end_of_record
TN:
SF:/media/deraw/Data/development/customers/CNAM/vue-dot/src/directives/index.ts
FN:9,(anonymous_0)
FN:10,(anonymous_1)
FNF:2
FNH:2
FNDA:4,(anonymous_0)
FNDA:4,(anonymous_1)
DA:1,4
DA:5,4
DA:9,4
DA:10,4
DA:11,4
LF:5
LH:5
BRF:0
BRH:0
end_of_record
TN:
SF:/media/deraw/Data/development/customers/CNAM/vue-dot/src/functions/debounce.ts
FN:1,debounce
FN:3,(anonymous_1)
FN:6,(anonymous_2)
FNF:3
FNH:3
FNDA:2,debounce
FNDA:100,(anonymous_1)
FNDA:1,(anonymous_2)
DA:1,6
DA:3,2
DA:4,100
DA:6,100
DA:7,1
DA:9,1
LF:6
LH:6
BRF:0
BRH:0
end_of_record
TN:
SF:/media/deraw/Data/development/customers/CNAM/vue-dot/src/functions/isSvg.ts
FN:21,isSvg
FNF:1
FNH:1
FNDA:1,isSvg
DA:1,4
DA:19,4
DA:22,1
DA:26,4
LF:4
LH:4
BRDA:22,0,0,1
BRDA:22,0,1,1
BRDA:22,0,2,1
BRF:3
BRH:3
end_of_record
TN:
SF:/media/deraw/Data/development/customers/CNAM/vue-dot/src/mixins/index.ts
FN:11,(anonymous_0)
FN:12,(anonymous_1)
FNF:2
FNH:2
FNDA:4,(anonymous_0)
FNDA:8,(anonymous_1)
DA:1,4
DA:2,4
DA:6,4
DA:11,4
DA:12,4
DA:13,8
LF:6
LH:6
BRF:0
BRH:0
end_of_record
TN:
SF:/media/deraw/Data/development/customers/CNAM/vue-dot/src/mixins/styles.ts
FN:32,(anonymous_0)
FN:36,(anonymous_1)
FN:63,(anonymous_2)
FN:74,(anonymous_3)
FNF:4
FNH:4
FNDA:6,(anonymous_0)
FNDA:6,(anonymous_1)
FNDA:6,(anonymous_2)
FNDA:1211,(anonymous_3)
DA:3,4
DA:32,4
DA:33,6
DA:36,6
DA:37,6
DA:60,6
DA:63,4
DA:73,4
DA:93,4
LF:9
LH:9
BRF:0
BRH:0
end_of_record
TN:
SF:/media/deraw/Data/development/customers/CNAM/vue-dot/src/mixins/theme.ts
FN:4,(anonymous_0)
FNF:1
FNH:1
FNDA:1211,(anonymous_0)
DA:3,4
DA:5,1211
DA:6,1209
DA:11,4
LF:4
LH:4
BRDA:5,0,0,1209
BRDA:5,0,1,2
BRDA:5,1,0,1211
BRDA:5,1,1,1209
BRF:4
BRH:4
end_of_record
